=== Workflow Log ===
Initialized at: [will be populated on first run]

[2025-10-17T22:16:26.360Z] 
============================================================
[2025-10-17T22:16:26.361Z] Starting PLANNER archetype
[2025-10-17T22:16:26.361Z] ============================================================
[2025-10-17T22:16:26.390Z] PLANNER: Loaded planner archetype context
[2025-10-17T22:16:26.391Z] PLANNER: Generated and added new todos
[2025-10-17T22:16:26.392Z] {
  "action": "add_todos",
  "count": 2,
  "todos": [
    {
      "description": "Implement: implement hello function",
      "file": "sample_source/app.txt"
    },
    {
      "description": "Implement: add error handling",
      "file": "sample_source/app.txt"
    }
  ]
}
[2025-10-17T22:16:26.397Z] PLANNER archetype completed successfully
[2025-10-17T22:21:42.729Z] 
============================================================
[2025-10-17T22:21:42.730Z] Starting IMPLEMENTER archetype
[2025-10-17T22:21:42.730Z] ============================================================
[2025-10-17T22:21:42.760Z] IMPLEMENTER: Completed task
[2025-10-17T22:21:42.760Z] {
  "action": "complete_todo",
  "todo": "Implement: implement hello function",
  "file": "sample_source/app.txt",
  "before": "TODO: implement hello function",
  "after": "function hello() {\n  return \"Hello, World!\";\n}"
}
[2025-10-17T22:21:42.762Z] IMPLEMENTER archetype completed successfully
[2025-10-17T22:24:29.691Z] 
============================================================
[2025-10-17T22:24:29.692Z] Starting REVIEWER archetype
[2025-10-17T22:24:29.692Z] ============================================================
[2025-10-17T22:24:29.722Z] REVIEWER: Completed code review
[2025-10-17T22:24:29.722Z] {
  "action": "code_review",
  "task": "Implement: implement hello function",
  "verdict": "APPROVED WITH NOTES - Implementation is functional but has minor recommendations",
  "concerns": 1,
  "recommendations": 2
}
[2025-10-17T22:24:29.724Z] REVIEWER archetype completed successfully
